2025-12-09 20:48:46 [main] INFO  c.e.A.B.S.b.AdvancesBankingSystemApplication - Starting AdvancesBankingSystemApplication using Java 25.0.1 with PID 19332 (C:\Users\Classic\Desktop\Advances-Banking-System\target\classes started by Classic in C:\Users\Classic\Desktop\Advances-Banking-System)
2025-12-09 20:48:46 [main] INFO  c.e.A.B.S.b.AdvancesBankingSystemApplication - No active profile set, falling back to 1 default profile: "default"
2025-12-09 20:48:47 [main] INFO  o.s.d.r.c.RepositoryConfigurationDelegate - Bootstrapping Spring Data JPA repositories in DEFAULT mode.
2025-12-09 20:48:48 [main] INFO  o.s.d.r.c.RepositoryConfigurationDelegate - Finished Spring Data repository scanning in 25 ms. Found 0 JPA repository interfaces.
2025-12-09 20:48:49 [main] INFO  o.s.b.w.e.tomcat.TomcatWebServer - Tomcat initialized with port 8080 (http)
2025-12-09 20:48:49 [main] INFO  o.a.catalina.core.StandardService - Starting service [Tomcat]
2025-12-09 20:48:49 [main] INFO  o.a.catalina.core.StandardEngine - Starting Servlet engine: [Apache Tomcat/10.1.16]
2025-12-09 20:48:49 [main] INFO  o.a.c.c.C.[.[.[/banking/api] - Initializing Spring embedded WebApplicationContext
2025-12-09 20:48:49 [main] INFO  o.s.b.w.s.c.ServletWebServerApplicationContext - Root WebApplicationContext: initialization completed in 2795 ms
2025-12-09 20:48:49 [main] INFO  o.h.jpa.internal.util.LogHelper - HHH000204: Processing PersistenceUnitInfo [name: default]
2025-12-09 20:48:49 [main] INFO  org.hibernate.Version - HHH000412: Hibernate ORM core version 6.3.1.Final
2025-12-09 20:48:49 [main] INFO  o.h.c.i.RegionFactoryInitiator - HHH000026: Second-level cache disabled
2025-12-09 20:48:50 [main] INFO  o.s.o.j.p.SpringPersistenceUnitInfo - No LoadTimeWeaver setup: ignoring JPA class transformer
2025-12-09 20:48:50 [main] INFO  com.zaxxer.hikari.HikariDataSource - HikariPool-1 - Starting...
2025-12-09 20:48:50 [main] INFO  com.zaxxer.hikari.pool.HikariPool - HikariPool-1 - Added connection com.mysql.cj.jdbc.ConnectionImpl@36478bce
2025-12-09 20:48:50 [main] INFO  com.zaxxer.hikari.HikariDataSource - HikariPool-1 - Start completed.
2025-12-09 20:48:50 [main] WARN  org.hibernate.orm.deprecation - HHH90000025: MySQL8Dialect does not need to be specified explicitly using 'hibernate.dialect' (remove the property setting and it will be selected by default)
2025-12-09 20:48:50 [main] WARN  org.hibernate.orm.deprecation - HHH90000026: MySQL8Dialect has been deprecated; use org.hibernate.dialect.MySQLDialect instead
2025-12-09 20:48:51 [main] INFO  o.h.e.t.j.p.i.JtaPlatformInitiator - HHH000489: No JTA platform available (set 'hibernate.transaction.jta.platform' to enable JTA platform integration)
2025-12-09 20:48:51 [main] INFO  o.s.o.j.LocalContainerEntityManagerFactoryBean - Initialized JPA EntityManagerFactory for persistence unit 'default'
2025-12-09 20:48:52 [main] INFO  o.s.b.w.e.tomcat.TomcatWebServer - Tomcat started on port 8080 (http) with context path '/banking/api'
2025-12-09 20:48:52 [main] INFO  c.e.A.B.S.b.AdvancesBankingSystemApplication - Started AdvancesBankingSystemApplication in 6.628 seconds (process running for 7.656)
2025-12-09 20:53:13 [SpringApplicationShutdownHook] INFO  o.s.o.j.LocalContainerEntityManagerFactoryBean - Closing JPA EntityManagerFactory for persistence unit 'default'
2025-12-09 20:53:13 [SpringApplicationShutdownHook] INFO  com.zaxxer.hikari.HikariDataSource - HikariPool-1 - Shutdown initiated...
2025-12-09 20:53:13 [SpringApplicationShutdownHook] INFO  com.zaxxer.hikari.HikariDataSource - HikariPool-1 - Shutdown completed.
2025-12-09 20:53:18 [main] INFO  c.e.A.B.S.b.AdvancesBankingSystemApplication - Starting AdvancesBankingSystemApplication using Java 25.0.1 with PID 6192 (C:\Users\Classic\Desktop\Advances-Banking-System\target\classes started by Classic in C:\Users\Classic\Desktop\Advances-Banking-System)
2025-12-09 20:53:18 [main] INFO  c.e.A.B.S.b.AdvancesBankingSystemApplication - No active profile set, falling back to 1 default profile: "default"
2025-12-09 20:53:19 [main] INFO  o.s.d.r.c.RepositoryConfigurationDelegate - Bootstrapping Spring Data JPA repositories in DEFAULT mode.
2025-12-09 20:53:19 [main] INFO  o.s.d.r.c.RepositoryConfigurationDelegate - Finished Spring Data repository scanning in 17 ms. Found 0 JPA repository interfaces.
2025-12-09 20:53:20 [main] INFO  o.s.b.w.e.tomcat.TomcatWebServer - Tomcat initialized with port 8080 (http)
2025-12-09 20:53:20 [main] INFO  o.a.catalina.core.StandardService - Starting service [Tomcat]
2025-12-09 20:53:20 [main] INFO  o.a.catalina.core.StandardEngine - Starting Servlet engine: [Apache Tomcat/10.1.16]
2025-12-09 20:53:20 [main] INFO  o.a.c.c.C.[.[.[/banking/api] - Initializing Spring embedded WebApplicationContext
2025-12-09 20:53:20 [main] INFO  o.s.b.w.s.c.ServletWebServerApplicationContext - Root WebApplicationContext: initialization completed in 2237 ms
2025-12-09 20:53:20 [main] INFO  o.h.jpa.internal.util.LogHelper - HHH000204: Processing PersistenceUnitInfo [name: default]
2025-12-09 20:53:21 [main] INFO  org.hibernate.Version - HHH000412: Hibernate ORM core version 6.3.1.Final
2025-12-09 20:53:21 [main] INFO  o.h.c.i.RegionFactoryInitiator - HHH000026: Second-level cache disabled
2025-12-09 20:53:21 [main] INFO  o.s.o.j.p.SpringPersistenceUnitInfo - No LoadTimeWeaver setup: ignoring JPA class transformer
2025-12-09 20:53:21 [main] INFO  com.zaxxer.hikari.HikariDataSource - HikariPool-1 - Starting...
2025-12-09 20:53:21 [main] INFO  com.zaxxer.hikari.pool.HikariPool - HikariPool-1 - Added connection com.mysql.cj.jdbc.ConnectionImpl@36478bce
2025-12-09 20:53:21 [main] INFO  com.zaxxer.hikari.HikariDataSource - HikariPool-1 - Start completed.
2025-12-09 20:53:21 [main] WARN  org.hibernate.orm.deprecation - HHH90000025: MySQL8Dialect does not need to be specified explicitly using 'hibernate.dialect' (remove the property setting and it will be selected by default)
2025-12-09 20:53:21 [main] WARN  org.hibernate.orm.deprecation - HHH90000026: MySQL8Dialect has been deprecated; use org.hibernate.dialect.MySQLDialect instead
2025-12-09 20:53:22 [main] INFO  o.h.e.t.j.p.i.JtaPlatformInitiator - HHH000489: No JTA platform available (set 'hibernate.transaction.jta.platform' to enable JTA platform integration)
2025-12-09 20:53:22 [main] INFO  o.s.o.j.LocalContainerEntityManagerFactoryBean - Initialized JPA EntityManagerFactory for persistence unit 'default'
2025-12-09 20:53:23 [main] INFO  o.s.b.w.e.tomcat.TomcatWebServer - Tomcat started on port 8080 (http) with context path '/banking/api'
2025-12-09 20:53:23 [main] INFO  c.e.A.B.S.b.AdvancesBankingSystemApplication - Started AdvancesBankingSystemApplication in 5.741 seconds (process running for 6.553)
2025-12-09 22:39:42 [SpringApplicationShutdownHook] INFO  o.s.o.j.LocalContainerEntityManagerFactoryBean - Closing JPA EntityManagerFactory for persistence unit 'default'
2025-12-09 22:39:42 [SpringApplicationShutdownHook] INFO  com.zaxxer.hikari.HikariDataSource - HikariPool-1 - Shutdown initiated...
2025-12-09 22:39:42 [SpringApplicationShutdownHook] INFO  com.zaxxer.hikari.HikariDataSource - HikariPool-1 - Shutdown completed.
2025-12-09 22:39:52 [main] INFO  c.e.A.B.S.b.AdvancesBankingSystemApplication - Starting AdvancesBankingSystemApplication using Java 25.0.1 with PID 14300 (C:\Users\Classic\Desktop\Advances-Banking-System\target\classes started by Classic in C:\Users\Classic\Desktop\Advances-Banking-System)
2025-12-09 22:39:52 [main] INFO  c.e.A.B.S.b.AdvancesBankingSystemApplication - No active profile set, falling back to 1 default profile: "default"
2025-12-09 22:39:53 [main] INFO  o.s.d.r.c.RepositoryConfigurationDelegate - Bootstrapping Spring Data JPA repositories in DEFAULT mode.
2025-12-09 22:39:54 [main] INFO  o.s.d.r.c.RepositoryConfigurationDelegate - Finished Spring Data repository scanning in 25 ms. Found 0 JPA repository interfaces.
2025-12-09 22:39:55 [main] INFO  o.s.b.w.e.tomcat.TomcatWebServer - Tomcat initialized with port 8080 (http)
2025-12-09 22:39:55 [main] INFO  o.a.catalina.core.StandardService - Starting service [Tomcat]
2025-12-09 22:39:55 [main] INFO  o.a.catalina.core.StandardEngine - Starting Servlet engine: [Apache Tomcat/10.1.16]
2025-12-09 22:39:55 [main] INFO  o.a.c.c.C.[.[.[/banking/api] - Initializing Spring embedded WebApplicationContext
2025-12-09 22:39:55 [main] INFO  o.s.b.w.s.c.ServletWebServerApplicationContext - Root WebApplicationContext: initialization completed in 2691 ms
2025-12-09 22:39:55 [main] INFO  o.h.jpa.internal.util.LogHelper - HHH000204: Processing PersistenceUnitInfo [name: default]
2025-12-09 22:39:55 [main] INFO  org.hibernate.Version - HHH000412: Hibernate ORM core version 6.3.1.Final
2025-12-09 22:39:56 [main] INFO  o.h.c.i.RegionFactoryInitiator - HHH000026: Second-level cache disabled
2025-12-09 22:39:56 [main] INFO  o.s.o.j.p.SpringPersistenceUnitInfo - No LoadTimeWeaver setup: ignoring JPA class transformer
2025-12-09 22:39:56 [main] INFO  com.zaxxer.hikari.HikariDataSource - HikariPool-1 - Starting...
2025-12-09 22:39:56 [main] INFO  com.zaxxer.hikari.pool.HikariPool - HikariPool-1 - Added connection com.mysql.cj.jdbc.ConnectionImpl@6d874695
2025-12-09 22:39:56 [main] INFO  com.zaxxer.hikari.HikariDataSource - HikariPool-1 - Start completed.
2025-12-09 22:39:56 [main] WARN  org.hibernate.orm.deprecation - HHH90000025: MySQL8Dialect does not need to be specified explicitly using 'hibernate.dialect' (remove the property setting and it will be selected by default)
2025-12-09 22:39:56 [main] WARN  org.hibernate.orm.deprecation - HHH90000026: MySQL8Dialect has been deprecated; use org.hibernate.dialect.MySQLDialect instead
2025-12-09 22:39:57 [main] INFO  o.h.e.t.j.p.i.JtaPlatformInitiator - HHH000489: No JTA platform available (set 'hibernate.transaction.jta.platform' to enable JTA platform integration)
2025-12-09 22:39:57 [main] INFO  o.s.o.j.LocalContainerEntityManagerFactoryBean - Initialized JPA EntityManagerFactory for persistence unit 'default'
2025-12-09 22:39:59 [main] WARN  o.s.b.a.s.s.UserDetailsServiceAutoConfiguration - 

Using generated security password: b7b627b1-bd9b-4d15-bf1b-5b8b2ca50459

This generated password is for development use only. Your security configuration must be updated before running your application in production.

2025-12-09 22:39:59 [main] INFO  o.s.s.web.DefaultSecurityFilterChain - Will secure any request with [org.springframework.security.web.session.DisableEncodeUrlFilter@3275a47f, org.springframework.security.web.context.request.async.WebAsyncManagerIntegrationFilter@1b5af65b, org.springframework.security.web.context.SecurityContextHolderFilter@454e9d65, org.springframework.security.web.header.HeaderWriterFilter@35d114f4, org.springframework.web.filter.CorsFilter@2e0163cb, org.springframework.security.web.csrf.CsrfFilter@321c2a7, org.springframework.security.web.authentication.logout.LogoutFilter@236a4d30, org.springframework.security.web.authentication.UsernamePasswordAuthenticationFilter@a7ae340, org.springframework.security.web.authentication.ui.DefaultLoginPageGeneratingFilter@26679788, org.springframework.security.web.authentication.ui.DefaultLogoutPageGeneratingFilter@6b289535, org.springframework.security.web.authentication.www.BasicAuthenticationFilter@11170228, org.springframework.security.web.savedrequest.RequestCacheAwareFilter@6807989e, org.springframework.security.web.servletapi.SecurityContextHolderAwareRequestFilter@c2e33, org.springframework.security.web.authentication.AnonymousAuthenticationFilter@74619273, org.springframework.security.web.access.ExceptionTranslationFilter@63d3c9dc, org.springframework.security.web.access.intercept.AuthorizationFilter@35cbeb54]
2025-12-09 22:39:59 [main] INFO  o.s.b.w.e.tomcat.TomcatWebServer - Tomcat started on port 8080 (http) with context path '/banking/api'
2025-12-09 22:39:59 [main] INFO  c.e.A.B.S.b.AdvancesBankingSystemApplication - Started AdvancesBankingSystemApplication in 7.848 seconds (process running for 8.811)
2025-12-09 22:55:03 [SpringApplicationShutdownHook] INFO  o.s.o.j.LocalContainerEntityManagerFactoryBean - Closing JPA EntityManagerFactory for persistence unit 'default'
2025-12-09 22:55:03 [SpringApplicationShutdownHook] INFO  com.zaxxer.hikari.HikariDataSource - HikariPool-1 - Shutdown initiated...
2025-12-09 22:55:03 [SpringApplicationShutdownHook] INFO  com.zaxxer.hikari.HikariDataSource - HikariPool-1 - Shutdown completed.
2025-12-09 22:55:07 [main] INFO  c.e.A.B.S.b.AdvancesBankingSystemApplication - Starting AdvancesBankingSystemApplication using Java 25.0.1 with PID 16376 (C:\Users\Classic\Desktop\Advances-Banking-System\target\classes started by Classic in C:\Users\Classic\Desktop\Advances-Banking-System)
2025-12-09 22:55:07 [main] INFO  c.e.A.B.S.b.AdvancesBankingSystemApplication - No active profile set, falling back to 1 default profile: "default"
2025-12-09 22:55:08 [main] INFO  o.s.d.r.c.RepositoryConfigurationDelegate - Bootstrapping Spring Data JPA repositories in DEFAULT mode.
2025-12-09 22:55:08 [main] INFO  o.s.d.r.c.RepositoryConfigurationDelegate - Finished Spring Data repository scanning in 23 ms. Found 0 JPA repository interfaces.
2025-12-09 22:55:09 [main] INFO  o.s.b.w.e.tomcat.TomcatWebServer - Tomcat initialized with port 8080 (http)
2025-12-09 22:55:09 [main] INFO  o.a.catalina.core.StandardService - Starting service [Tomcat]
2025-12-09 22:55:09 [main] INFO  o.a.catalina.core.StandardEngine - Starting Servlet engine: [Apache Tomcat/10.1.16]
2025-12-09 22:55:09 [main] INFO  o.a.c.c.C.[.[.[/banking/api] - Initializing Spring embedded WebApplicationContext
2025-12-09 22:55:09 [main] INFO  o.s.b.w.s.c.ServletWebServerApplicationContext - Root WebApplicationContext: initialization completed in 2705 ms
2025-12-09 22:55:10 [main] INFO  o.h.jpa.internal.util.LogHelper - HHH000204: Processing PersistenceUnitInfo [name: default]
2025-12-09 22:55:10 [main] INFO  org.hibernate.Version - HHH000412: Hibernate ORM core version 6.3.1.Final
2025-12-09 22:55:10 [main] INFO  o.h.c.i.RegionFactoryInitiator - HHH000026: Second-level cache disabled
2025-12-09 22:55:10 [main] INFO  o.s.o.j.p.SpringPersistenceUnitInfo - No LoadTimeWeaver setup: ignoring JPA class transformer
2025-12-09 22:55:10 [main] INFO  com.zaxxer.hikari.HikariDataSource - HikariPool-1 - Starting...
2025-12-09 22:55:11 [main] INFO  com.zaxxer.hikari.pool.HikariPool - HikariPool-1 - Added connection com.mysql.cj.jdbc.ConnectionImpl@19cdc217
2025-12-09 22:55:11 [main] INFO  com.zaxxer.hikari.HikariDataSource - HikariPool-1 - Start completed.
2025-12-09 22:55:11 [main] WARN  org.hibernate.orm.deprecation - HHH90000025: MySQL8Dialect does not need to be specified explicitly using 'hibernate.dialect' (remove the property setting and it will be selected by default)
2025-12-09 22:55:11 [main] WARN  org.hibernate.orm.deprecation - HHH90000026: MySQL8Dialect has been deprecated; use org.hibernate.dialect.MySQLDialect instead
2025-12-09 22:55:11 [main] INFO  o.h.e.t.j.p.i.JtaPlatformInitiator - HHH000489: No JTA platform available (set 'hibernate.transaction.jta.platform' to enable JTA platform integration)
2025-12-09 22:55:11 [main] INFO  o.s.o.j.LocalContainerEntityManagerFactoryBean - Initialized JPA EntityManagerFactory for persistence unit 'default'
2025-12-09 22:55:12 [main] WARN  o.s.b.a.s.s.UserDetailsServiceAutoConfiguration - 

Using generated security password: 31fe3351-990e-446c-a3b1-69ea94c89c8f

This generated password is for development use only. Your security configuration must be updated before running your application in production.

2025-12-09 22:55:12 [main] INFO  o.s.s.web.DefaultSecurityFilterChain - Will secure any request with [org.springframework.security.web.session.DisableEncodeUrlFilter@1939a394, org.springframework.security.web.context.request.async.WebAsyncManagerIntegrationFilter@e2c627e, org.springframework.security.web.context.SecurityContextHolderFilter@2d4a0671, org.springframework.security.web.header.HeaderWriterFilter@c87787d, org.springframework.web.filter.CorsFilter@35cbeb54, org.springframework.security.web.csrf.CsrfFilter@3aca2579, org.springframework.security.web.authentication.logout.LogoutFilter@4f2544b0, org.springframework.security.web.authentication.UsernamePasswordAuthenticationFilter@5358c8fa, org.springframework.security.web.authentication.ui.DefaultLoginPageGeneratingFilter@28e91f6d, org.springframework.security.web.authentication.ui.DefaultLogoutPageGeneratingFilter@a7ae340, org.springframework.security.web.authentication.www.BasicAuthenticationFilter@26c6288d, org.springframework.security.web.savedrequest.RequestCacheAwareFilter@6e4e60f5, org.springframework.security.web.servletapi.SecurityContextHolderAwareRequestFilter@464a3430, org.springframework.security.web.authentication.AnonymousAuthenticationFilter@5e8bd498, org.springframework.security.web.access.ExceptionTranslationFilter@14b48f39, org.springframework.security.web.access.intercept.AuthorizationFilter@47d9c01]
2025-12-09 22:55:12 [main] INFO  o.s.b.w.e.tomcat.TomcatWebServer - Tomcat started on port 8080 (http) with context path '/banking/api'
2025-12-09 22:55:12 [main] INFO  c.e.A.B.S.b.AdvancesBankingSystemApplication - Started AdvancesBankingSystemApplication in 6.8 seconds (process running for 7.659)
2025-12-09 22:57:23 [SpringApplicationShutdownHook] INFO  o.s.o.j.LocalContainerEntityManagerFactoryBean - Closing JPA EntityManagerFactory for persistence unit 'default'
2025-12-09 22:57:23 [SpringApplicationShutdownHook] INFO  com.zaxxer.hikari.HikariDataSource - HikariPool-1 - Shutdown initiated...
2025-12-09 22:57:23 [SpringApplicationShutdownHook] INFO  com.zaxxer.hikari.HikariDataSource - HikariPool-1 - Shutdown completed.
